<?xml version="1.0" encoding="UTF-8"?>
<!-- Generated by org.testng.reporters.JUnitXMLReporter -->
<testsuite ignored="0" hostname="SAYEM" failures="0" tests="19" name="Test" time="122.191" errors="0" timestamp="2023-11-21T19:02:10 EST">
  <testcase classname="com.tutorialninja.testcases.Login_Test" name="verifyingLoginWithValidUserNameAndValidPassword" time="1.176"/>
  <testcase classname="com.tutorialninja.testcases.Login_Test" name="verifyingLoginWithValidUserNameAndValidPassword" time="1.036"/>
  <testcase classname="com.tutorialninja.testcases.Login_Test" name="verifyingLoginWithValidUserNameAndValidPassword" time="1.021"/>
  <testcase classname="com.tutorialninja.testcases.Login_Test" name="verifyingLoginWithValidUserNameAndValidPassword" time="1.058"/>
  <testcase classname="com.tutorialninja.testcases.Login_Test" name="verifyingLoginWithValidUserNameAndValidPassword" time="0.989"/>
  <testcase classname="com.tutorialninja.testcases.Login_Test" name="verifyingLoginWithValidUserNameAndValidPassword" time="1.009"/>
  <testcase classname="com.tutorialninja.testcases.Login_Test" name="verifyingLoginWithValidUserNameAndValidPassword" time="0.961"/>
  <testcase classname="com.tutorialninja.testcases.Login_Test" name="verifyLoginWithInValidUserNameAndValidPassword" time="0.74"/>
  <testcase classname="com.tutorialninja.testcases.Login_Test" name="verifyLoginWithValidUserNameAndInValidPassword" time="0.695"/>
  <testcase classname="com.tutorialninja.testcases.Login_Test" name="verifyLoginWithInValidUserNameAndInValidPassword" time="0.697"/>
  <testcase classname="com.tutorialninja.testcases.Login_Test" name="verifyLoginWithNoUserNameAndNoPassword" time="0.449"/>
  <testcase classname="com.tutorialninja.testcases.Register_Test" name="registerAccountWithRequiredFields" time="1.366"/>
  <testcase classname="com.tutorialninja.testcases.Register_Test" name="registerAccountWithAllFields" time="1.437"/>
  <testcase classname="com.tutorialninja.testcases.Register_Test" name="registerAccountWithNoFields" time="0.642"/>
  <testcase classname="com.tutorialninja.testcases.Register_Test" name="verifyRegisterWithDuplicateUserName" time="0.972"/>
  <testcase classname="com.tutorialninja.testcases.SearchTest" name="searchProductWithValidProduct" time="0.578"/>
  <testcase classname="com.tutorialninja.testcases.SearchTest" name="verifySearchWithInvalidProduct" time="0.568"/>
  <testcase classname="com.tutorialninja.testcases.SearchTest" name="verifySearchWithNoProduct" time="0.598"/>
  <testcase classname="com.tutorialninja.testcases.CheckOut_ValidProduct_Test" name="addAValidProductAndCheckOut" time="7.244"/>
</testsuite> <!-- Test -->
