<?xml version="1.0" encoding="UTF-8"?>
<testng-results ignored="0" total="19" passed="18" failed="1" skipped="0">
  <reporter-output>
  </reporter-output>
  <suite started-at="2023-11-15T13:21:01 EST" name="Suite" finished-at="2023-11-15T13:22:51 EST" duration-ms="109448">
    <groups>
    </groups>
    <test started-at="2023-11-15T13:21:01 EST" name="Test" finished-at="2023-11-15T13:22:51 EST" duration-ms="109448">
      <class name="com.tutorialninja.testcases.Register_Test">
        <test-method is-config="true" signature="registerSetUp()[pri:0, instance:com.tutorialninja.testcases.Register_Test@158da8e]" started-at="2023-11-15T13:22:02 EST" name="registerSetUp" finished-at="2023-11-15T13:22:06 EST" duration-ms="4516" status="PASS">
          <reporter-output>
          </reporter-output>
        </test-method> <!-- registerSetUp -->
        <test-method signature="registerAccountWithRequiredFields()[pri:1, instance:com.tutorialninja.testcases.Register_Test@158da8e]" started-at="2023-11-15T13:22:06 EST" name="registerAccountWithRequiredFields" finished-at="2023-11-15T13:22:08 EST" duration-ms="1635" status="PASS">
          <reporter-output>
          </reporter-output>
        </test-method> <!-- registerAccountWithRequiredFields -->
        <test-method is-config="true" signature="tearDown()[pri:0, instance:com.tutorialninja.testcases.Register_Test@158da8e]" started-at="2023-11-15T13:22:08 EST" name="tearDown" finished-at="2023-11-15T13:22:08 EST" duration-ms="152" status="PASS">
          <reporter-output>
          </reporter-output>
        </test-method> <!-- tearDown -->
        <test-method is-config="true" signature="registerSetUp()[pri:0, instance:com.tutorialninja.testcases.Register_Test@158da8e]" started-at="2023-11-15T13:22:08 EST" name="registerSetUp" finished-at="2023-11-15T13:22:13 EST" duration-ms="4620" status="PASS">
          <reporter-output>
          </reporter-output>
        </test-method> <!-- registerSetUp -->
        <test-method signature="registerAccountWithAllFields()[pri:2, instance:com.tutorialninja.testcases.Register_Test@158da8e]" started-at="2023-11-15T13:22:13 EST" name="registerAccountWithAllFields" finished-at="2023-11-15T13:22:14 EST" duration-ms="1664" status="PASS">
          <reporter-output>
          </reporter-output>
        </test-method> <!-- registerAccountWithAllFields -->
        <test-method is-config="true" signature="tearDown()[pri:0, instance:com.tutorialninja.testcases.Register_Test@158da8e]" started-at="2023-11-15T13:22:14 EST" name="tearDown" finished-at="2023-11-15T13:22:14 EST" duration-ms="138" status="PASS">
          <reporter-output>
          </reporter-output>
        </test-method> <!-- tearDown -->
        <test-method is-config="true" signature="registerSetUp()[pri:0, instance:com.tutorialninja.testcases.Register_Test@158da8e]" started-at="2023-11-15T13:22:14 EST" name="registerSetUp" finished-at="2023-11-15T13:22:19 EST" duration-ms="4738" status="PASS">
          <reporter-output>
          </reporter-output>
        </test-method> <!-- registerSetUp -->
        <test-method signature="registerAccountWithNoFields()[pri:3, instance:com.tutorialninja.testcases.Register_Test@158da8e]" started-at="2023-11-15T13:22:19 EST" name="registerAccountWithNoFields" finished-at="2023-11-15T13:22:20 EST" duration-ms="1035" status="PASS">
          <reporter-output>
          </reporter-output>
        </test-method> <!-- registerAccountWithNoFields -->
        <test-method is-config="true" signature="tearDown()[pri:0, instance:com.tutorialninja.testcases.Register_Test@158da8e]" started-at="2023-11-15T13:22:20 EST" name="tearDown" finished-at="2023-11-15T13:22:20 EST" duration-ms="213" status="PASS">
          <reporter-output>
          </reporter-output>
        </test-method> <!-- tearDown -->
        <test-method is-config="true" signature="registerSetUp()[pri:0, instance:com.tutorialninja.testcases.Register_Test@158da8e]" started-at="2023-11-15T13:22:20 EST" name="registerSetUp" finished-at="2023-11-15T13:22:25 EST" duration-ms="4700" status="PASS">
          <reporter-output>
          </reporter-output>
        </test-method> <!-- registerSetUp -->
        <test-method signature="verifyRegisterWithDuplicateUserName()[pri:4, instance:com.tutorialninja.testcases.Register_Test@158da8e]" started-at="2023-11-15T13:22:25 EST" name="verifyRegisterWithDuplicateUserName" finished-at="2023-11-15T13:22:26 EST" duration-ms="1286" status="PASS">
          <reporter-output>
          </reporter-output>
        </test-method> <!-- verifyRegisterWithDuplicateUserName -->
        <test-method is-config="true" signature="tearDown()[pri:0, instance:com.tutorialninja.testcases.Register_Test@158da8e]" started-at="2023-11-15T13:22:26 EST" name="tearDown" finished-at="2023-11-15T13:22:27 EST" duration-ms="173" status="PASS">
          <reporter-output>
          </reporter-output>
        </test-method> <!-- tearDown -->
      </class> <!-- com.tutorialninja.testcases.Register_Test -->
      <class name="com.tutorialninja.testcases.CheckOut_ValidProduct_Test">
        <test-method is-config="true" signature="check_ValidProduct_setUP()[pri:0, instance:com.tutorialninja.testcases.CheckOut_ValidProduct_Test@47af7f3d]" started-at="2023-11-15T13:22:40 EST" name="check_ValidProduct_setUP" finished-at="2023-11-15T13:22:46 EST" duration-ms="5530" status="PASS">
          <reporter-output>
          </reporter-output>
        </test-method> <!-- check_ValidProduct_setUP -->
        <test-method signature="addAValidProductAndCheckOut()[pri:1, instance:com.tutorialninja.testcases.CheckOut_ValidProduct_Test@47af7f3d]" started-at="2023-11-15T13:22:46 EST" name="addAValidProductAndCheckOut" finished-at="2023-11-15T13:22:51 EST" duration-ms="4558" status="FAIL">
          <exception class="org.openqa.selenium.ElementClickInterceptedException">
            <message>
              <![CDATA[element click intercepted: Element <input type="radio" name="shipping_address" value="existing" checked="checked"> is not clickable at point (211, 558). Other element would receive the click: <form class="form-horizontal">...</form>
  (Session info: chrome=119.0.6045.124)
Build info: version: '4.15.0', revision: '1d14b5521b'
System info: os.name: 'Windows 11', os.arch: 'amd64', os.version: '10.0', java.version: '17.0.7'
Driver info: org.openqa.selenium.chrome.ChromeDriver
Command: [7a96829169c2b48f5e64f2f6c2ac6ae5, clickElement {id=631717AA0666973373EF8EA3EB286B3E_element_135}]
Capabilities {acceptInsecureCerts: false, browserName: chrome, browserVersion: 119.0.6045.124, chrome: {chromedriverVersion: 119.0.6045.105 (38c72552c5e..., userDataDir: C:\Users\kazi_\AppData\Loca...}, fedcm:accounts: true, goog:chromeOptions: {debuggerAddress: localhost:58933}, networkConnectionEnabled: false, pageLoadStrategy: eager, platformName: windows, proxy: Proxy(), se:cdp: ws://localhost:58933/devtoo..., se:cdpVersion: 119.0.6045.124, setWindowRect: true, strictFileInteractability: false, timeouts: {implicit: 0, pageLoad: 300000, script: 30000}, unhandledPromptBehavior: dismiss and notify, webauthn:extension:credBlob: true, webauthn:extension:largeBlob: true, webauthn:extension:minPinLength: true, webauthn:extension:prf: true, webauthn:virtualAuthenticators: true}
Element: [[ChromeDriver: chrome on windows (7a96829169c2b48f5e64f2f6c2ac6ae5)] -> name: shipping_address]
Session ID: 7a96829169c2b48f5e64f2f6c2ac6ae5]]>
            </message>
            <full-stacktrace>
              <![CDATA[org.openqa.selenium.ElementClickInterceptedException: element click intercepted: Element <input type="radio" name="shipping_address" value="existing" checked="checked"> is not clickable at point (211, 558). Other element would receive the click: <form class="form-horizontal">...</form>
  (Session info: chrome=119.0.6045.124)
Build info: version: '4.15.0', revision: '1d14b5521b'
System info: os.name: 'Windows 11', os.arch: 'amd64', os.version: '10.0', java.version: '17.0.7'
Driver info: org.openqa.selenium.chrome.ChromeDriver
Command: [7a96829169c2b48f5e64f2f6c2ac6ae5, clickElement {id=631717AA0666973373EF8EA3EB286B3E_element_135}]
Capabilities {acceptInsecureCerts: false, browserName: chrome, browserVersion: 119.0.6045.124, chrome: {chromedriverVersion: 119.0.6045.105 (38c72552c5e..., userDataDir: C:\Users\kazi_\AppData\Loca...}, fedcm:accounts: true, goog:chromeOptions: {debuggerAddress: localhost:58933}, networkConnectionEnabled: false, pageLoadStrategy: eager, platformName: windows, proxy: Proxy(), se:cdp: ws://localhost:58933/devtoo..., se:cdpVersion: 119.0.6045.124, setWindowRect: true, strictFileInteractability: false, timeouts: {implicit: 0, pageLoad: 300000, script: 30000}, unhandledPromptBehavior: dismiss and notify, webauthn:extension:credBlob: true, webauthn:extension:largeBlob: true, webauthn:extension:minPinLength: true, webauthn:extension:prf: true, webauthn:virtualAuthenticators: true}
Element: [[ChromeDriver: chrome on windows (7a96829169c2b48f5e64f2f6c2ac6ae5)] -> name: shipping_address]
Session ID: 7a96829169c2b48f5e64f2f6c2ac6ae5
at java.base/jdk.internal.reflect.NativeConstructorAccessorImpl.newInstance0(Native Method)
at java.base/jdk.internal.reflect.NativeConstructorAccessorImpl.newInstance(NativeConstructorAccessorImpl.java:77)
at java.base/jdk.internal.reflect.DelegatingConstructorAccessorImpl.newInstance(DelegatingConstructorAccessorImpl.java:45)
at java.base/java.lang.reflect.Constructor.newInstanceWithCaller(Constructor.java:499)
at java.base/java.lang.reflect.Constructor.newInstance(Constructor.java:480)
at org.openqa.selenium.remote.codec.w3c.W3CHttpResponseCodec.createException(W3CHttpResponseCodec.java:200)
at org.openqa.selenium.remote.codec.w3c.W3CHttpResponseCodec.decode(W3CHttpResponseCodec.java:133)
at org.openqa.selenium.remote.codec.w3c.W3CHttpResponseCodec.decode(W3CHttpResponseCodec.java:52)
at org.openqa.selenium.remote.HttpCommandExecutor.execute(HttpCommandExecutor.java:191)
at org.openqa.selenium.remote.service.DriverCommandExecutor.invokeExecute(DriverCommandExecutor.java:200)
at org.openqa.selenium.remote.service.DriverCommandExecutor.execute(DriverCommandExecutor.java:175)
at org.openqa.selenium.remote.RemoteWebDriver.execute(RemoteWebDriver.java:607)
at org.openqa.selenium.remote.RemoteWebElement.execute(RemoteWebElement.java:224)
at org.openqa.selenium.remote.RemoteWebElement.click(RemoteWebElement.java:77)
at jdk.internal.reflect.GeneratedMethodAccessor1.invoke(Unknown Source)
at java.base/jdk.internal.reflect.DelegatingMethodAccessorImpl.invoke(DelegatingMethodAccessorImpl.java:43)
at java.base/java.lang.reflect.Method.invoke(Method.java:568)
at org.openqa.selenium.support.pagefactory.internal.LocatingElementHandler.invoke(LocatingElementHandler.java:51)
at jdk.proxy2/jdk.proxy2.$Proxy12.click(Unknown Source)
at com.qa.tutorialsninja.Pages.CheckOutPage.completeCheckoutProcess(CheckOutPage.java:79)
at com.tutorialninja.testcases.CheckOut_ValidProduct_Test.addAValidProductAndCheckOut(CheckOut_ValidProduct_Test.java:64)
at java.base/jdk.internal.reflect.NativeMethodAccessorImpl.invoke0(Native Method)
at java.base/jdk.internal.reflect.NativeMethodAccessorImpl.invoke(NativeMethodAccessorImpl.java:77)
at java.base/jdk.internal.reflect.DelegatingMethodAccessorImpl.invoke(DelegatingMethodAccessorImpl.java:43)
at java.base/java.lang.reflect.Method.invoke(Method.java:568)
at org.testng.internal.invokers.MethodInvocationHelper.invokeMethod(MethodInvocationHelper.java:139)
at org.testng.internal.invokers.TestInvoker.invokeMethod(TestInvoker.java:664)
at org.testng.internal.invokers.TestInvoker.invokeTestMethod(TestInvoker.java:227)
at org.testng.internal.invokers.MethodRunner.runInSequence(MethodRunner.java:50)
at org.testng.internal.invokers.TestInvoker$MethodInvocationAgent.invoke(TestInvoker.java:957)
at org.testng.internal.invokers.TestInvoker.invokeTestMethods(TestInvoker.java:200)
at org.testng.internal.invokers.TestMethodWorker.invokeTestMethods(TestMethodWorker.java:148)
at org.testng.internal.invokers.TestMethodWorker.run(TestMethodWorker.java:128)
at java.base/java.util.ArrayList.forEach(ArrayList.java:1511)
at org.testng.TestRunner.privateRun(TestRunner.java:848)
at org.testng.TestRunner.run(TestRunner.java:621)
at org.testng.SuiteRunner.runTest(SuiteRunner.java:443)
at org.testng.SuiteRunner.runSequentially(SuiteRunner.java:437)
at org.testng.SuiteRunner.privateRun(SuiteRunner.java:397)
at org.testng.SuiteRunner.run(SuiteRunner.java:336)
at org.testng.SuiteRunnerWorker.runSuite(SuiteRunnerWorker.java:52)
at org.testng.SuiteRunnerWorker.run(SuiteRunnerWorker.java:95)
at org.testng.TestNG.runSuitesSequentially(TestNG.java:1280)
at org.testng.TestNG.runSuitesLocally(TestNG.java:1200)
at org.testng.TestNG.runSuites(TestNG.java:1114)
at org.testng.TestNG.run(TestNG.java:1082)
at org.apache.maven.surefire.testng.TestNGExecutor.run(TestNGExecutor.java:308)
at org.apache.maven.surefire.testng.TestNGXmlTestSuite.execute(TestNGXmlTestSuite.java:71)
at org.apache.maven.surefire.testng.TestNGProvider.invoke(TestNGProvider.java:113)
at org.apache.maven.surefire.booter.ForkedBooter.runSuitesInProcess(ForkedBooter.java:385)
at org.apache.maven.surefire.booter.ForkedBooter.execute(ForkedBooter.java:162)
at org.apache.maven.surefire.booter.ForkedBooter.run(ForkedBooter.java:507)
at org.apache.maven.surefire.booter.ForkedBooter.main(ForkedBooter.java:495)
]]>
            </full-stacktrace>
          </exception> <!-- org.openqa.selenium.ElementClickInterceptedException -->
          <reporter-output>
          </reporter-output>
        </test-method> <!-- addAValidProductAndCheckOut -->
        <test-method is-config="true" signature="closer()[pri:0, instance:com.tutorialninja.testcases.CheckOut_ValidProduct_Test@47af7f3d]" started-at="2023-11-15T13:22:51 EST" name="closer" finished-at="2023-11-15T13:22:51 EST" duration-ms="200" status="PASS">
          <reporter-output>
          </reporter-output>
        </test-method> <!-- closer -->
      </class> <!-- com.tutorialninja.testcases.CheckOut_ValidProduct_Test -->
      <class name="com.tutorialninja.testcases.Login_Test">
        <test-method is-config="true" signature="loginSetUp()[pri:0, instance:com.tutorialninja.testcases.Login_Test@6a192cfe]" started-at="2023-11-15T13:21:03 EST" name="loginSetUp" finished-at="2023-11-15T13:21:07 EST" duration-ms="4830" status="PASS">
          <reporter-output>
          </reporter-output>
        </test-method> <!-- loginSetUp -->
        <test-method signature="verifyingLoginWithValidUserNameAndValidPassword(java.lang.String,java.lang.String)[pri:1, instance:com.tutorialninja.testcases.Login_Test@6a192cfe]" started-at="2023-11-15T13:21:07 EST" name="verifyingLoginWithValidUserNameAndValidPassword" data-provider="TN" finished-at="2023-11-15T13:21:08 EST" duration-ms="1045" status="PASS">
          <params>
            <param index="0">
              <value>
                <![CDATA[seleniumpanda@gmail.com]]>
              </value>
            </param>
            <param index="1">
              <value>
                <![CDATA[Selenium@123]]>
              </value>
            </param>
          </params>
          <reporter-output>
          </reporter-output>
        </test-method> <!-- verifyingLoginWithValidUserNameAndValidPassword -->
        <test-method is-config="true" signature="closer()[pri:0, instance:com.tutorialninja.testcases.Login_Test@6a192cfe]" started-at="2023-11-15T13:21:08 EST" name="closer" finished-at="2023-11-15T13:21:09 EST" duration-ms="151" status="PASS">
          <reporter-output>
          </reporter-output>
        </test-method> <!-- closer -->
        <test-method is-config="true" signature="loginSetUp()[pri:0, instance:com.tutorialninja.testcases.Login_Test@6a192cfe]" started-at="2023-11-15T13:21:09 EST" name="loginSetUp" finished-at="2023-11-15T13:21:13 EST" duration-ms="4415" status="PASS">
          <reporter-output>
          </reporter-output>
        </test-method> <!-- loginSetUp -->
        <test-method signature="verifyingLoginWithValidUserNameAndValidPassword(java.lang.String,java.lang.String)[pri:1, instance:com.tutorialninja.testcases.Login_Test@6a192cfe]" started-at="2023-11-15T13:21:13 EST" name="verifyingLoginWithValidUserNameAndValidPassword" data-provider="TN" finished-at="2023-11-15T13:21:14 EST" duration-ms="1010" status="PASS">
          <params>
            <param index="0">
              <value>
                <![CDATA[seleniumpanda1@gmail.com]]>
              </value>
            </param>
            <param index="1">
              <value>
                <![CDATA[Selenium@123]]>
              </value>
            </param>
          </params>
          <reporter-output>
          </reporter-output>
        </test-method> <!-- verifyingLoginWithValidUserNameAndValidPassword -->
        <test-method is-config="true" signature="closer()[pri:0, instance:com.tutorialninja.testcases.Login_Test@6a192cfe]" started-at="2023-11-15T13:21:14 EST" name="closer" finished-at="2023-11-15T13:21:14 EST" duration-ms="151" status="PASS">
          <reporter-output>
          </reporter-output>
        </test-method> <!-- closer -->
        <test-method is-config="true" signature="loginSetUp()[pri:0, instance:com.tutorialninja.testcases.Login_Test@6a192cfe]" started-at="2023-11-15T13:21:14 EST" name="loginSetUp" finished-at="2023-11-15T13:21:18 EST" duration-ms="4261" status="PASS">
          <reporter-output>
          </reporter-output>
        </test-method> <!-- loginSetUp -->
        <test-method signature="verifyingLoginWithValidUserNameAndValidPassword(java.lang.String,java.lang.String)[pri:1, instance:com.tutorialninja.testcases.Login_Test@6a192cfe]" started-at="2023-11-15T13:21:18 EST" name="verifyingLoginWithValidUserNameAndValidPassword" data-provider="TN" finished-at="2023-11-15T13:21:20 EST" duration-ms="1101" status="PASS">
          <params>
            <param index="0">
              <value>
                <![CDATA[seleniumpanda2@gmail.com]]>
              </value>
            </param>
            <param index="1">
              <value>
                <![CDATA[Selenium@123]]>
              </value>
            </param>
          </params>
          <reporter-output>
          </reporter-output>
        </test-method> <!-- verifyingLoginWithValidUserNameAndValidPassword -->
        <test-method is-config="true" signature="closer()[pri:0, instance:com.tutorialninja.testcases.Login_Test@6a192cfe]" started-at="2023-11-15T13:21:20 EST" name="closer" finished-at="2023-11-15T13:21:20 EST" duration-ms="138" status="PASS">
          <reporter-output>
          </reporter-output>
        </test-method> <!-- closer -->
        <test-method is-config="true" signature="loginSetUp()[pri:0, instance:com.tutorialninja.testcases.Login_Test@6a192cfe]" started-at="2023-11-15T13:21:20 EST" name="loginSetUp" finished-at="2023-11-15T13:21:24 EST" duration-ms="4163" status="PASS">
          <reporter-output>
          </reporter-output>
        </test-method> <!-- loginSetUp -->
        <test-method signature="verifyingLoginWithValidUserNameAndValidPassword(java.lang.String,java.lang.String)[pri:1, instance:com.tutorialninja.testcases.Login_Test@6a192cfe]" started-at="2023-11-15T13:21:24 EST" name="verifyingLoginWithValidUserNameAndValidPassword" data-provider="TN" finished-at="2023-11-15T13:21:25 EST" duration-ms="1016" status="PASS">
          <params>
            <param index="0">
              <value>
                <![CDATA[seleniumpanda3@gmail.com]]>
              </value>
            </param>
            <param index="1">
              <value>
                <![CDATA[Selenium@123]]>
              </value>
            </param>
          </params>
          <reporter-output>
          </reporter-output>
        </test-method> <!-- verifyingLoginWithValidUserNameAndValidPassword -->
        <test-method is-config="true" signature="closer()[pri:0, instance:com.tutorialninja.testcases.Login_Test@6a192cfe]" started-at="2023-11-15T13:21:25 EST" name="closer" finished-at="2023-11-15T13:21:25 EST" duration-ms="149" status="PASS">
          <reporter-output>
          </reporter-output>
        </test-method> <!-- closer -->
        <test-method is-config="true" signature="loginSetUp()[pri:0, instance:com.tutorialninja.testcases.Login_Test@6a192cfe]" started-at="2023-11-15T13:21:25 EST" name="loginSetUp" finished-at="2023-11-15T13:21:29 EST" duration-ms="4262" status="PASS">
          <reporter-output>
          </reporter-output>
        </test-method> <!-- loginSetUp -->
        <test-method signature="verifyingLoginWithValidUserNameAndValidPassword(java.lang.String,java.lang.String)[pri:1, instance:com.tutorialninja.testcases.Login_Test@6a192cfe]" started-at="2023-11-15T13:21:29 EST" name="verifyingLoginWithValidUserNameAndValidPassword" data-provider="TN" finished-at="2023-11-15T13:21:30 EST" duration-ms="976" status="PASS">
          <params>
            <param index="0">
              <value>
                <![CDATA[seleniumpanda4@gmail.com]]>
              </value>
            </param>
            <param index="1">
              <value>
                <![CDATA[Selenium@123]]>
              </value>
            </param>
          </params>
          <reporter-output>
          </reporter-output>
        </test-method> <!-- verifyingLoginWithValidUserNameAndValidPassword -->
        <test-method is-config="true" signature="closer()[pri:0, instance:com.tutorialninja.testcases.Login_Test@6a192cfe]" started-at="2023-11-15T13:21:30 EST" name="closer" finished-at="2023-11-15T13:21:30 EST" duration-ms="166" status="PASS">
          <reporter-output>
          </reporter-output>
        </test-method> <!-- closer -->
        <test-method is-config="true" signature="loginSetUp()[pri:0, instance:com.tutorialninja.testcases.Login_Test@6a192cfe]" started-at="2023-11-15T13:21:30 EST" name="loginSetUp" finished-at="2023-11-15T13:21:35 EST" duration-ms="4276" status="PASS">
          <reporter-output>
          </reporter-output>
        </test-method> <!-- loginSetUp -->
        <test-method signature="verifyingLoginWithValidUserNameAndValidPassword(java.lang.String,java.lang.String)[pri:1, instance:com.tutorialninja.testcases.Login_Test@6a192cfe]" started-at="2023-11-15T13:21:35 EST" name="verifyingLoginWithValidUserNameAndValidPassword" data-provider="TN" finished-at="2023-11-15T13:21:36 EST" duration-ms="1009" status="PASS">
          <params>
            <param index="0">
              <value>
                <![CDATA[seleniumpanda5@gmail.com]]>
              </value>
            </param>
            <param index="1">
              <value>
                <![CDATA[Selenium@123]]>
              </value>
            </param>
          </params>
          <reporter-output>
          </reporter-output>
        </test-method> <!-- verifyingLoginWithValidUserNameAndValidPassword -->
        <test-method is-config="true" signature="closer()[pri:0, instance:com.tutorialninja.testcases.Login_Test@6a192cfe]" started-at="2023-11-15T13:21:36 EST" name="closer" finished-at="2023-11-15T13:21:36 EST" duration-ms="160" status="PASS">
          <reporter-output>
          </reporter-output>
        </test-method> <!-- closer -->
        <test-method is-config="true" signature="loginSetUp()[pri:0, instance:com.tutorialninja.testcases.Login_Test@6a192cfe]" started-at="2023-11-15T13:21:36 EST" name="loginSetUp" finished-at="2023-11-15T13:21:40 EST" duration-ms="4174" status="PASS">
          <reporter-output>
          </reporter-output>
        </test-method> <!-- loginSetUp -->
        <test-method signature="verifyingLoginWithValidUserNameAndValidPassword(java.lang.String,java.lang.String)[pri:1, instance:com.tutorialninja.testcases.Login_Test@6a192cfe]" started-at="2023-11-15T13:21:40 EST" name="verifyingLoginWithValidUserNameAndValidPassword" data-provider="TN" finished-at="2023-11-15T13:21:41 EST" duration-ms="973" status="PASS">
          <params>
            <param index="0">
              <value>
                <![CDATA[seleniumpanda6@gmail.com]]>
              </value>
            </param>
            <param index="1">
              <value>
                <![CDATA[Selenium@123]]>
              </value>
            </param>
          </params>
          <reporter-output>
          </reporter-output>
        </test-method> <!-- verifyingLoginWithValidUserNameAndValidPassword -->
        <test-method is-config="true" signature="closer()[pri:0, instance:com.tutorialninja.testcases.Login_Test@6a192cfe]" started-at="2023-11-15T13:21:41 EST" name="closer" finished-at="2023-11-15T13:21:41 EST" duration-ms="183" status="PASS">
          <reporter-output>
          </reporter-output>
        </test-method> <!-- closer -->
        <test-method is-config="true" signature="loginSetUp()[pri:0, instance:com.tutorialninja.testcases.Login_Test@6a192cfe]" started-at="2023-11-15T13:21:41 EST" name="loginSetUp" finished-at="2023-11-15T13:21:45 EST" duration-ms="4285" status="PASS">
          <reporter-output>
          </reporter-output>
        </test-method> <!-- loginSetUp -->
        <test-method signature="verifyLoginWithInValidUserNameAndValidPassword()[pri:2, instance:com.tutorialninja.testcases.Login_Test@6a192cfe]" started-at="2023-11-15T13:21:45 EST" name="verifyLoginWithInValidUserNameAndValidPassword" finished-at="2023-11-15T13:21:46 EST" duration-ms="804" status="PASS">
          <reporter-output>
          </reporter-output>
        </test-method> <!-- verifyLoginWithInValidUserNameAndValidPassword -->
        <test-method is-config="true" signature="closer()[pri:0, instance:com.tutorialninja.testcases.Login_Test@6a192cfe]" started-at="2023-11-15T13:21:46 EST" name="closer" finished-at="2023-11-15T13:21:46 EST" duration-ms="156" status="PASS">
          <reporter-output>
          </reporter-output>
        </test-method> <!-- closer -->
        <test-method is-config="true" signature="loginSetUp()[pri:0, instance:com.tutorialninja.testcases.Login_Test@6a192cfe]" started-at="2023-11-15T13:21:46 EST" name="loginSetUp" finished-at="2023-11-15T13:21:51 EST" duration-ms="4415" status="PASS">
          <reporter-output>
          </reporter-output>
        </test-method> <!-- loginSetUp -->
        <test-method signature="verifyLoginWithValidUserNameAndInValidPassword()[pri:3, instance:com.tutorialninja.testcases.Login_Test@6a192cfe]" started-at="2023-11-15T13:21:51 EST" name="verifyLoginWithValidUserNameAndInValidPassword" finished-at="2023-11-15T13:21:52 EST" duration-ms="712" status="PASS">
          <reporter-output>
          </reporter-output>
        </test-method> <!-- verifyLoginWithValidUserNameAndInValidPassword -->
        <test-method is-config="true" signature="closer()[pri:0, instance:com.tutorialninja.testcases.Login_Test@6a192cfe]" started-at="2023-11-15T13:21:52 EST" name="closer" finished-at="2023-11-15T13:21:52 EST" duration-ms="178" status="PASS">
          <reporter-output>
          </reporter-output>
        </test-method> <!-- closer -->
        <test-method is-config="true" signature="loginSetUp()[pri:0, instance:com.tutorialninja.testcases.Login_Test@6a192cfe]" started-at="2023-11-15T13:21:52 EST" name="loginSetUp" finished-at="2023-11-15T13:21:56 EST" duration-ms="4106" status="PASS">
          <reporter-output>
          </reporter-output>
        </test-method> <!-- loginSetUp -->
        <test-method signature="verifyLoginWithInValidUserNameAndInValidPassword()[pri:4, instance:com.tutorialninja.testcases.Login_Test@6a192cfe]" started-at="2023-11-15T13:21:56 EST" name="verifyLoginWithInValidUserNameAndInValidPassword" finished-at="2023-11-15T13:21:57 EST" duration-ms="775" status="PASS">
          <reporter-output>
          </reporter-output>
        </test-method> <!-- verifyLoginWithInValidUserNameAndInValidPassword -->
        <test-method is-config="true" signature="closer()[pri:0, instance:com.tutorialninja.testcases.Login_Test@6a192cfe]" started-at="2023-11-15T13:21:57 EST" name="closer" finished-at="2023-11-15T13:21:57 EST" duration-ms="140" status="PASS">
          <reporter-output>
          </reporter-output>
        </test-method> <!-- closer -->
        <test-method is-config="true" signature="loginSetUp()[pri:0, instance:com.tutorialninja.testcases.Login_Test@6a192cfe]" started-at="2023-11-15T13:21:57 EST" name="loginSetUp" finished-at="2023-11-15T13:22:01 EST" duration-ms="4284" status="PASS">
          <reporter-output>
          </reporter-output>
        </test-method> <!-- loginSetUp -->
        <test-method signature="verifyLoginWithNoUserNameAndNoPassword()[pri:5, instance:com.tutorialninja.testcases.Login_Test@6a192cfe]" started-at="2023-11-15T13:22:01 EST" name="verifyLoginWithNoUserNameAndNoPassword" finished-at="2023-11-15T13:22:02 EST" duration-ms="535" status="PASS">
          <reporter-output>
          </reporter-output>
        </test-method> <!-- verifyLoginWithNoUserNameAndNoPassword -->
        <test-method is-config="true" signature="closer()[pri:0, instance:com.tutorialninja.testcases.Login_Test@6a192cfe]" started-at="2023-11-15T13:22:02 EST" name="closer" finished-at="2023-11-15T13:22:02 EST" duration-ms="149" status="PASS">
          <reporter-output>
          </reporter-output>
        </test-method> <!-- closer -->
      </class> <!-- com.tutorialninja.testcases.Login_Test -->
      <class name="com.tutorialninja.testcases.SearchTest">
        <test-method is-config="true" signature="Search_Product_setUP()[pri:0, instance:com.tutorialninja.testcases.SearchTest@74e52303]" started-at="2023-11-15T13:22:27 EST" name="Search_Product_setUP" finished-at="2023-11-15T13:22:31 EST" duration-ms="3931" status="PASS">
          <reporter-output>
          </reporter-output>
        </test-method> <!-- Search_Product_setUP -->
        <test-method signature="searchProductWithValidProduct()[pri:1, instance:com.tutorialninja.testcases.SearchTest@74e52303]" started-at="2023-11-15T13:22:31 EST" name="searchProductWithValidProduct" finished-at="2023-11-15T13:22:31 EST" duration-ms="613" status="PASS">
          <reporter-output>
          </reporter-output>
        </test-method> <!-- searchProductWithValidProduct -->
        <test-method is-config="true" signature="tearDown()[pri:0, instance:com.tutorialninja.testcases.SearchTest@74e52303]" started-at="2023-11-15T13:22:31 EST" name="tearDown" finished-at="2023-11-15T13:22:31 EST" duration-ms="108" status="PASS">
          <reporter-output>
          </reporter-output>
        </test-method> <!-- tearDown -->
        <test-method is-config="true" signature="Search_Product_setUP()[pri:0, instance:com.tutorialninja.testcases.SearchTest@74e52303]" started-at="2023-11-15T13:22:31 EST" name="Search_Product_setUP" finished-at="2023-11-15T13:22:35 EST" duration-ms="3793" status="PASS">
          <reporter-output>
          </reporter-output>
        </test-method> <!-- Search_Product_setUP -->
        <test-method signature="verifySearchWithInvalidProduct()[pri:2, instance:com.tutorialninja.testcases.SearchTest@74e52303]" started-at="2023-11-15T13:22:35 EST" name="verifySearchWithInvalidProduct" finished-at="2023-11-15T13:22:36 EST" duration-ms="615" status="PASS">
          <reporter-output>
          </reporter-output>
        </test-method> <!-- verifySearchWithInvalidProduct -->
        <test-method is-config="true" signature="tearDown()[pri:0, instance:com.tutorialninja.testcases.SearchTest@74e52303]" started-at="2023-11-15T13:22:36 EST" name="tearDown" finished-at="2023-11-15T13:22:36 EST" duration-ms="155" status="PASS">
          <reporter-output>
          </reporter-output>
        </test-method> <!-- tearDown -->
        <test-method is-config="true" signature="Search_Product_setUP()[pri:0, instance:com.tutorialninja.testcases.SearchTest@74e52303]" started-at="2023-11-15T13:22:36 EST" name="Search_Product_setUP" finished-at="2023-11-15T13:22:40 EST" duration-ms="3965" status="PASS">
          <reporter-output>
          </reporter-output>
        </test-method> <!-- Search_Product_setUP -->
        <test-method signature="verifySearchWithNoProduct()[pri:3, instance:com.tutorialninja.testcases.SearchTest@74e52303]" started-at="2023-11-15T13:22:40 EST" name="verifySearchWithNoProduct" finished-at="2023-11-15T13:22:40 EST" duration-ms="489" status="PASS">
          <reporter-output>
          </reporter-output>
        </test-method> <!-- verifySearchWithNoProduct -->
        <test-method is-config="true" signature="tearDown()[pri:0, instance:com.tutorialninja.testcases.SearchTest@74e52303]" started-at="2023-11-15T13:22:40 EST" name="tearDown" finished-at="2023-11-15T13:22:40 EST" duration-ms="117" status="PASS">
          <reporter-output>
          </reporter-output>
        </test-method> <!-- tearDown -->
      </class> <!-- com.tutorialninja.testcases.SearchTest -->
    </test> <!-- Test -->
  </suite> <!-- Suite -->
</testng-results>
